  main.cpp
E:\NR_IQA matlab\main.cpp(10,1): warning C4326: “main”的返回类型应为“int”而非“void”
E:\NR_IQA matlab\main.cpp(17,11): warning C4267: “初始化”: 从“size_t”转换到“int”，可能丢失数据
E:\NR_IQA matlab\main.cpp(18,11): warning C4267: “初始化”: 从“size_t”转换到“int”，可能丢失数据
  tools.cpp
E:\NR_IQA matlab\tools.cpp(1,1): warning C4819: 该文件包含不能在当前代码页(936)中表示的字符。请将该文件保存为 Unicode 格式以防止数据丢失
E:\NR_IQA matlab\tools.cpp(21,11): warning C4267: “初始化”: 从“size_t”转换到“int”，可能丢失数据
E:\NR_IQA matlab\tools.cpp(22,11): warning C4267: “初始化”: 从“size_t”转换到“int”，可能丢失数据
E:\NR_IQA matlab\tools.cpp(64,19): warning C4267: “=”: 从“size_t”转换到“int”，可能丢失数据
E:\NR_IQA matlab\tools.cpp(82,17): warning C4244: “初始化”: 从“double”转换到“int”，可能丢失数据
E:\NR_IQA matlab\tools.cpp(271,57): warning C4244: “参数”: 从“double”转换到“const unsigned __int64”，可能丢失数据
E:\NR_IQA matlab\tools.cpp(273,52): warning C4244: “参数”: 从“double”转换到“const unsigned __int64”，可能丢失数据
E:\NR_IQA matlab\tools.cpp(274,52): warning C4244: “参数”: 从“double”转换到“const unsigned __int64”，可能丢失数据
E:\NR_IQA matlab\tools.cpp(275,52): warning C4244: “参数”: 从“double”转换到“const unsigned __int64”，可能丢失数据
E:\NR_IQA matlab\tools.cpp(276,52): warning C4244: “参数”: 从“double”转换到“const unsigned __int64”，可能丢失数据
E:\NR_IQA matlab\tools.cpp(277,52): warning C4244: “参数”: 从“double”转换到“const unsigned __int64”，可能丢失数据
E:\NR_IQA matlab\tools.cpp(278,52): warning C4244: “参数”: 从“double”转换到“const unsigned __int64”，可能丢失数据
E:\NR_IQA matlab\tools.cpp(279,52): warning C4244: “参数”: 从“double”转换到“const unsigned __int64”，可能丢失数据
E:\NR_IQA matlab\tools.cpp(280,52): warning C4244: “参数”: 从“double”转换到“const unsigned __int64”，可能丢失数据
E:\NR_IQA matlab\tools.cpp(647,13): warning C4267: “初始化”: 从“size_t”转换到“int”，可能丢失数据
E:\NR_IQA matlab\tools.cpp(670,14): warning C4267: “初始化”: 从“size_t”转换到“int”，可能丢失数据
  正在生成代码
  Previous IPDB not found, fall back to full compilation.
  All 358 functions were compiled because no usable IPDB/IOBJ from previous compilation was found.
  已完成代码的生成
  Code.vcxproj -> E:\NR_IQA matlab\x64\Release\Code.exe
