  main.cpp
E:\hyperIQA-master\curd_cpp_matlab\main.cpp(10,1): warning C4326: “main”的返回类型应为“int”而非“void”
E:\hyperIQA-master\curd_cpp_matlab\main.cpp(14,11): warning C4267: “初始化”: 从“size_t”转换到“int”，可能丢失数据
E:\hyperIQA-master\curd_cpp_matlab\main.cpp(15,11): warning C4267: “初始化”: 从“size_t”转换到“int”，可能丢失数据
  tools.cpp
E:\hyperIQA-master\curd_cpp_matlab\tools.cpp(1,1): warning C4819: 该文件包含不能在当前代码页(936)中表示的字符。请将该文件保存为 Unicode 格式以防止数据丢失
E:\hyperIQA-master\curd_cpp_matlab\tools.cpp(21,11): warning C4267: “初始化”: 从“size_t”转换到“int”，可能丢失数据
E:\hyperIQA-master\curd_cpp_matlab\tools.cpp(22,11): warning C4267: “初始化”: 从“size_t”转换到“int”，可能丢失数据
E:\hyperIQA-master\curd_cpp_matlab\tools.cpp(51,19): warning C4267: “=”: 从“size_t”转换到“int”，可能丢失数据
E:\hyperIQA-master\curd_cpp_matlab\tools.cpp(69,17): warning C4244: “初始化”: 从“double”转换到“int”，可能丢失数据
E:\hyperIQA-master\curd_cpp_matlab\tools.cpp(258,57): warning C4244: “参数”: 从“double”转换到“const unsigned __int64”，可能丢失数据
E:\hyperIQA-master\curd_cpp_matlab\tools.cpp(260,52): warning C4244: “参数”: 从“double”转换到“const unsigned __int64”，可能丢失数据
E:\hyperIQA-master\curd_cpp_matlab\tools.cpp(261,52): warning C4244: “参数”: 从“double”转换到“const unsigned __int64”，可能丢失数据
E:\hyperIQA-master\curd_cpp_matlab\tools.cpp(262,52): warning C4244: “参数”: 从“double”转换到“const unsigned __int64”，可能丢失数据
E:\hyperIQA-master\curd_cpp_matlab\tools.cpp(263,52): warning C4244: “参数”: 从“double”转换到“const unsigned __int64”，可能丢失数据
E:\hyperIQA-master\curd_cpp_matlab\tools.cpp(264,52): warning C4244: “参数”: 从“double”转换到“const unsigned __int64”，可能丢失数据
E:\hyperIQA-master\curd_cpp_matlab\tools.cpp(265,52): warning C4244: “参数”: 从“double”转换到“const unsigned __int64”，可能丢失数据
E:\hyperIQA-master\curd_cpp_matlab\tools.cpp(266,52): warning C4244: “参数”: 从“double”转换到“const unsigned __int64”，可能丢失数据
E:\hyperIQA-master\curd_cpp_matlab\tools.cpp(267,52): warning C4244: “参数”: 从“double”转换到“const unsigned __int64”，可能丢失数据
E:\hyperIQA-master\curd_cpp_matlab\tools.cpp(935,13): warning C4267: “初始化”: 从“size_t”转换到“int”，可能丢失数据
E:\hyperIQA-master\curd_cpp_matlab\tools.cpp(958,14): warning C4267: “初始化”: 从“size_t”转换到“int”，可能丢失数据
  正在生成代码
  339 of 349 functions (97.1%) were compiled, the rest were copied from previous compilation.
    0 functions were new in current compilation
    2 functions had inline decision re-evaluated but remain unchanged
  已完成代码的生成
  Code.vcxproj -> E:\hyperIQA-master\curd_cpp_matlab\x64\Release\Code.exe
